c:\users\brian\desktop\cse 170\graphics-project\glutapp3dobjloader\visualc14\obj\objloader_debug\vc140.pdb
c:\users\brian\desktop\cse 170\graphics-project\glutapp3dobjloader\visualc14\obj\objloader_debug\vc140.idb
c:\users\brian\desktop\cse 170\graphics-project\glutapp3dobjloader\visualc14\obj\objloader_debug\ogl_tools.obj
c:\users\brian\desktop\cse 170\graphics-project\glutapp3dobjloader\visualc14\obj\objloader_debug\gs_vec2.obj
c:\users\brian\desktop\cse 170\graphics-project\glutapp3dobjloader\visualc14\obj\objloader_debug\gs_vec.obj
c:\users\brian\desktop\cse 170\graphics-project\glutapp3dobjloader\visualc14\obj\objloader_debug\gs_quat.obj
c:\users\brian\desktop\cse 170\graphics-project\glutapp3dobjloader\visualc14\obj\objloader_debug\gs_mat.obj
c:\users\brian\desktop\cse 170\graphics-project\glutapp3dobjloader\visualc14\obj\objloader_debug\gs_color.obj
c:\users\brian\desktop\cse 170\graphics-project\glutapp3dobjloader\visualc14\obj\objloader_debug\gs_array.obj
c:\users\brian\desktop\cse 170\graphics-project\glutapp3dobjloader\visualc14\obj\objloader_debug\gs.obj
c:\users\brian\desktop\cse 170\graphics-project\glutapp3dobjloader\visualc14\obj\objloader_debug\glut_window.obj
c:\users\brian\desktop\cse 170\graphics-project\glutapp3dobjloader\visualc14\obj\objloader_debug\app_window.obj
c:\users\brian\desktop\cse 170\graphics-project\glutapp3dobjloader\visualc14\obj\objloader_debug\so_axis.obj
c:\users\brian\desktop\cse 170\graphics-project\glutapp3dobjloader\visualc14\obj\objloader_debug\perlin.obj
c:\users\brian\desktop\cse 170\graphics-project\glutapp3dobjloader\visualc14\obj\objloader_debug\gs_strings.obj
c:\users\brian\desktop\cse 170\graphics-project\glutapp3dobjloader\visualc14\obj\objloader_debug\gs_string.obj
c:\users\brian\desktop\cse 170\graphics-project\glutapp3dobjloader\visualc14\obj\objloader_debug\gs_model_obj.obj
c:\users\brian\desktop\cse 170\graphics-project\glutapp3dobjloader\visualc14\obj\objloader_debug\gs_model.obj
c:\users\brian\desktop\cse 170\graphics-project\glutapp3dobjloader\visualc14\obj\objloader_debug\gs_material.obj
c:\users\brian\desktop\cse 170\graphics-project\glutapp3dobjloader\visualc14\obj\objloader_debug\gs_input.obj
c:\users\brian\desktop\cse 170\graphics-project\glutapp3dobjloader\visualc14\obj\objloader_debug\gs_image.obj
c:\users\brian\desktop\cse 170\graphics-project\glutapp3dobjloader\visualc14\obj\objloader_debug\app_main.obj
c:\users\brian\desktop\cse 170\graphics-project\glutapp3dobjloader\visualc14\obj\objloader_debug\so_myobject.obj
c:\users\brian\desktop\cse 170\graphics-project\glutapp3dobjloader\visualc14\obj\objloader_debug\so_model3.obj
c:\users\brian\desktop\cse 170\graphics-project\glutapp3dobjloader\visualc14\obj\objloader_debug\so_model2.obj
c:\users\brian\desktop\cse 170\graphics-project\glutapp3dobjloader\visualc14\obj\objloader_debug\so_model.obj
c:\users\brian\desktop\cse 170\graphics-project\glutapp3dobjloader\visualc14\obj\objloader_debug\objloader.ilk
c:\users\brian\desktop\cse 170\graphics-project\glutapp3dobjloader\visualc14\obj\objloader_debug\objloader.exe
c:\users\brian\desktop\cse 170\graphics-project\glutapp3dobjloader\visualc14\obj\objloader_debug\objloader.pdb
c:\users\brian\desktop\cse 170\graphics-project\glutapp3dobjloader\visualc14\obj\objloader_debug\objloader.tlog\cl.command.1.tlog
c:\users\brian\desktop\cse 170\graphics-project\glutapp3dobjloader\visualc14\obj\objloader_debug\objloader.tlog\cl.read.1.tlog
c:\users\brian\desktop\cse 170\graphics-project\glutapp3dobjloader\visualc14\obj\objloader_debug\objloader.tlog\cl.write.1.tlog
c:\users\brian\desktop\cse 170\graphics-project\glutapp3dobjloader\visualc14\obj\objloader_debug\objloader.tlog\link.command.1.tlog
c:\users\brian\desktop\cse 170\graphics-project\glutapp3dobjloader\visualc14\obj\objloader_debug\objloader.tlog\link.read.1.tlog
c:\users\brian\desktop\cse 170\graphics-project\glutapp3dobjloader\visualc14\obj\objloader_debug\objloader.tlog\link.write.1.tlog
